<?xml version="1.0" encoding="UTF-8"?>
<!-- Generated by org.testng.reporters.JUnitXMLReporter -->
<testsuite hostname="Abhay-PC" ignored="0" name="Default test" tests="2" failures="0" timestamp="26 Aug 2020 17:57:12 GMT" time="141.589" errors="0">
  <testcase name="verifyHomePageUserNameTest" time="31.865" classname="com.qa.crmpro.testcases.HomePageTest"/>
  <testcase name="verifyHomepageTitleTest" time="45.134" classname="com.qa.crmpro.testcases.HomePageTest"/>
</testsuite> <!-- Default test -->
