<?xml version="1.0" encoding="UTF-8"?>
<!-- Generated by org.testng.reporters.JUnitXMLReporter -->
<testsuite hostname="Abhay-PC" ignored="0" name="LoginTest" tests="4" failures="0" timestamp="28 Aug 2020 08:17:41 GMT" time="197.924" errors="0">
  <testcase name="verifyHomePageUserNameTest" time="24.805" classname="com.qa.crmpro.testcases.HomePageTest"/>
  <testcase name="verifyHomepageTitleTest" time="21.967" classname="com.qa.crmpro.testcases.HomePageTest"/>
  <testcase name="verifyLoginPageTitleTest" time="0.065" classname="com.qa.crmpro.testcases.LoginPageTest"/>
  <testcase name="loginTest" time="26.796" classname="com.qa.crmpro.testcases.LoginPageTest"/>
</testsuite> <!-- LoginTest -->
